<?xml version="1.0" encoding="UTF-8"?>
<!-- Generated by org.testng.reporters.JUnitXMLReporter -->
<testsuite hostname="DESKTOP-EOII60T" ignored="0" name="Default test" tests="25" failures="0" timestamp="2021-05-23T09:14:39 IST" time="90.136" errors="0">
  <testcase name="gethealthmenu" time="0.714" classname="testcases.HealthInsurancelist"/>
  <testcase name="close" time="4.107" classname="testcases.HealthInsurancelist"/>
  <testcase name="opentravelinsurancepage" time="2.02" classname="testcases.TravelInsuranceDetails"/>
  <testcase name="student" time="0.306" classname="testcases.TravelInsuranceDetails"/>
  <testcase name="dest" time="0.618" classname="testcases.TravelInsuranceDetails"/>
  <testcase name="age" time="0.376" classname="testcases.TravelInsuranceDetails"/>
  <testcase name="start" time="0.765" classname="testcases.TravelInsuranceDetails"/>
  <testcase name="click" time="0.185" classname="testcases.TravelInsuranceDetails"/>
  <testcase name="fill" time="1.384" classname="testcases.TravelInsuranceDetails"/>
  <testcase name="sort" time="6.303" classname="testcases.TravelInsuranceDetails"/>
  <testcase name="productdetails" time="0.23" classname="testcases.TravelInsuranceDetails"/>
  <testcase name="close" time="3.832" classname="testcases.TravelInsuranceDetails"/>
  <testcase name="writeproducts" time="0.214" classname="util.WriteExcel"/>
  <testcase name="clickcarbutton" time="1.217" classname="testcases.CarInsuranceErrorMessage"/>
  <testcase name="proceed" time="0.897" classname="testcases.CarInsuranceErrorMessage"/>
  <testcase name="city" time="0.438" classname="testcases.CarInsuranceErrorMessage"/>
  <testcase name="carbrand" time="0.36" classname="testcases.CarInsuranceErrorMessage"/>
  <testcase name="carmodel" time="0.334" classname="testcases.CarInsuranceErrorMessage"/>
  <testcase name="type" time="0.398" classname="testcases.CarInsuranceErrorMessage"/>
  <testcase name="varient" time="0.287" classname="testcases.CarInsuranceErrorMessage"/>
  <testcase name="year" time="0.293" classname="testcases.CarInsuranceErrorMessage"/>
  <testcase name="filldetails" time="1.263" classname="testcases.CarInsuranceErrorMessage"/>
  <testcase name="screenshot" time="0.354" classname="testcases.CarInsuranceErrorMessage"/>
  <testcase name="close" time="1.51" classname="testcases.CarInsuranceErrorMessage"/>
  <testcase name="healthlist" time="0.022" classname="util.Writehealthlist"/>
</testsuite> <!-- Default test -->
